<beans
        xmlns:xsi="http://www.w3.org/2001/XMLSchema-instance"
        xmlns:aop="http://www.springframework.org/schema/aop"
        xmlns="http://www.springframework.org/schema/beans"
        xsi:schemaLocation="http://www.springframework.org/schema/beans
    	http://www.springframework.org/schema/beans/spring-beans.xsd
	    http://www.springframework.org/schema/aop
        http://www.springframework.org/schema/aop/spring-aop.xsd">

    <!-- AOP 注解支持 -->
    <aop:aspectj-autoproxy proxy-target-class="true"/>

    <bean id="propertiesConfig"
          class="org.springframework.beans.factory.config.PropertiesFactoryBean">
        <property name="locations">
            <list>
                <value>classpath:config.properties</value>
                <value>file:/var/jubi/web/config.properties</value>
            </list>
        </property>
        <!-- 设置编码格式 -->
        <property name="fileEncoding" value="UTF-8"></property>
    </bean>

    <bean id="propertyConfigurer" class="org.springframework.beans.factory.config.PropertyPlaceholderConfigurer">
        <property name="properties" ref="propertiesConfig"/>
        <property name="fileEncoding" value="utf-8"/>
    </bean>

    <import resource="mybatis.xml"/>

</beans>
